2025-02-26 05:29:43,659 - TradingSystem - INFO - Iniciando sistema de trading
2025-02-26 05:29:56,977 - TradingSystem - INFO - Modo seleccionado: 1
2025-02-26 05:29:56,987 - TradingSystem - INFO - Iniciando modo entrenamiento
2025-02-26 05:29:56,994 - TradingSystem - INFO - Iniciando ciclo de entrenamiento 1
2025-02-26 05:29:57,000 - TradingSystem - ERROR - Error en generación 0: 'EvolutionEngine' object has no attribute 'evolve_one_generation'
Traceback (most recent call last):
  File "/workspaces/codespaces-blank/test_dashboard.py", line 85, in run_dashboard
    best_agent, population_metrics = evolution.evolve_one_generation()
                                     ^^^^^^^^^^^^^^^^^^^^^^^^^^^^^^^
AttributeError: 'EvolutionEngine' object has no attribute 'evolve_one_generation'
2025-02-26 05:29:59,047 - TradingSystem - ERROR - Error en generación 1: 'EvolutionEngine' object has no attribute 'evolve_one_generation'
Traceback (most recent call last):
  File "/workspaces/codespaces-blank/test_dashboard.py", line 85, in run_dashboard
    best_agent, population_metrics = evolution.evolve_one_generation()
                                     ^^^^^^^^^^^^^^^^^^^^^^^^^^^^^^^
AttributeError: 'EvolutionEngine' object has no attribute 'evolve_one_generation'
2025-02-26 05:30:01,063 - TradingSystem - ERROR - Error en generación 2: 'EvolutionEngine' object has no attribute 'evolve_one_generation'
Traceback (most recent call last):
  File "/workspaces/codespaces-blank/test_dashboard.py", line 85, in run_dashboard
    best_agent, population_metrics = evolution.evolve_one_generation()
                                     ^^^^^^^^^^^^^^^^^^^^^^^^^^^^^^^
AttributeError: 'EvolutionEngine' object has no attribute 'evolve_one_generation'
2025-02-26 05:30:03,079 - TradingSystem - ERROR - Error en generación 3: 'EvolutionEngine' object has no attribute 'evolve_one_generation'
Traceback (most recent call last):
  File "/workspaces/codespaces-blank/test_dashboard.py", line 85, in run_dashboard
    best_agent, population_metrics = evolution.evolve_one_generation()
                                     ^^^^^^^^^^^^^^^^^^^^^^^^^^^^^^^
AttributeError: 'EvolutionEngine' object has no attribute 'evolve_one_generation'
2025-02-26 05:30:05,094 - TradingSystem - ERROR - Error en generación 4: 'EvolutionEngine' object has no attribute 'evolve_one_generation'
Traceback (most recent call last):
  File "/workspaces/codespaces-blank/test_dashboard.py", line 85, in run_dashboard
    best_agent, population_metrics = evolution.evolve_one_generation()
                                     ^^^^^^^^^^^^^^^^^^^^^^^^^^^^^^^
AttributeError: 'EvolutionEngine' object has no attribute 'evolve_one_generation'
2025-02-26 05:30:07,110 - TradingSystem - ERROR - Error en generación 5: 'EvolutionEngine' object has no attribute 'evolve_one_generation'
Traceback (most recent call last):
  File "/workspaces/codespaces-blank/test_dashboard.py", line 85, in run_dashboard
    best_agent, population_metrics = evolution.evolve_one_generation()
                                     ^^^^^^^^^^^^^^^^^^^^^^^^^^^^^^^
AttributeError: 'EvolutionEngine' object has no attribute 'evolve_one_generation'
2025-02-26 05:30:09,126 - TradingSystem - ERROR - Error en generación 6: 'EvolutionEngine' object has no attribute 'evolve_one_generation'
Traceback (most recent call last):
  File "/workspaces/codespaces-blank/test_dashboard.py", line 85, in run_dashboard
    best_agent, population_metrics = evolution.evolve_one_generation()
                                     ^^^^^^^^^^^^^^^^^^^^^^^^^^^^^^^
AttributeError: 'EvolutionEngine' object has no attribute 'evolve_one_generation'
2025-02-26 05:30:11,141 - TradingSystem - ERROR - Error en generación 7: 'EvolutionEngine' object has no attribute 'evolve_one_generation'
Traceback (most recent call last):
  File "/workspaces/codespaces-blank/test_dashboard.py", line 85, in run_dashboard
    best_agent, population_metrics = evolution.evolve_one_generation()
                                     ^^^^^^^^^^^^^^^^^^^^^^^^^^^^^^^
AttributeError: 'EvolutionEngine' object has no attribute 'evolve_one_generation'
2025-02-26 05:30:13,156 - TradingSystem - ERROR - Error en generación 8: 'EvolutionEngine' object has no attribute 'evolve_one_generation'
Traceback (most recent call last):
  File "/workspaces/codespaces-blank/test_dashboard.py", line 85, in run_dashboard
    best_agent, population_metrics = evolution.evolve_one_generation()
                                     ^^^^^^^^^^^^^^^^^^^^^^^^^^^^^^^
AttributeError: 'EvolutionEngine' object has no attribute 'evolve_one_generation'
2025-02-26 05:30:15,173 - TradingSystem - ERROR - Error en generación 9: 'EvolutionEngine' object has no attribute 'evolve_one_generation'
Traceback (most recent call last):
  File "/workspaces/codespaces-blank/test_dashboard.py", line 85, in run_dashboard
    best_agent, population_metrics = evolution.evolve_one_generation()
                                     ^^^^^^^^^^^^^^^^^^^^^^^^^^^^^^^
AttributeError: 'EvolutionEngine' object has no attribute 'evolve_one_generation'
2025-02-26 05:30:17,188 - TradingSystem - ERROR - Error en generación 10: 'EvolutionEngine' object has no attribute 'evolve_one_generation'
Traceback (most recent call last):
  File "/workspaces/codespaces-blank/test_dashboard.py", line 85, in run_dashboard
    best_agent, population_metrics = evolution.evolve_one_generation()
                                     ^^^^^^^^^^^^^^^^^^^^^^^^^^^^^^^
AttributeError: 'EvolutionEngine' object has no attribute 'evolve_one_generation'
2025-02-26 05:30:19,204 - TradingSystem - ERROR - Error en generación 11: 'EvolutionEngine' object has no attribute 'evolve_one_generation'
Traceback (most recent call last):
  File "/workspaces/codespaces-blank/test_dashboard.py", line 85, in run_dashboard
    best_agent, population_metrics = evolution.evolve_one_generation()
                                     ^^^^^^^^^^^^^^^^^^^^^^^^^^^^^^^
AttributeError: 'EvolutionEngine' object has no attribute 'evolve_one_generation'
2025-02-26 05:30:21,221 - TradingSystem - ERROR - Error en generación 12: 'EvolutionEngine' object has no attribute 'evolve_one_generation'
Traceback (most recent call last):
  File "/workspaces/codespaces-blank/test_dashboard.py", line 85, in run_dashboard
    best_agent, population_metrics = evolution.evolve_one_generation()
                                     ^^^^^^^^^^^^^^^^^^^^^^^^^^^^^^^
AttributeError: 'EvolutionEngine' object has no attribute 'evolve_one_generation'
2025-02-26 05:30:23,236 - TradingSystem - ERROR - Error en generación 13: 'EvolutionEngine' object has no attribute 'evolve_one_generation'
Traceback (most recent call last):
  File "/workspaces/codespaces-blank/test_dashboard.py", line 85, in run_dashboard
    best_agent, population_metrics = evolution.evolve_one_generation()
                                     ^^^^^^^^^^^^^^^^^^^^^^^^^^^^^^^
AttributeError: 'EvolutionEngine' object has no attribute 'evolve_one_generation'
2025-02-26 05:30:25,251 - TradingSystem - ERROR - Error en generación 14: 'EvolutionEngine' object has no attribute 'evolve_one_generation'
Traceback (most recent call last):
  File "/workspaces/codespaces-blank/test_dashboard.py", line 85, in run_dashboard
    best_agent, population_metrics = evolution.evolve_one_generation()
                                     ^^^^^^^^^^^^^^^^^^^^^^^^^^^^^^^
AttributeError: 'EvolutionEngine' object has no attribute 'evolve_one_generation'
2025-02-26 05:30:29,174 - TradingSystem - ERROR - Error en generación 15: 'EvolutionEngine' object has no attribute 'evolve_one_generation'
Traceback (most recent call last):
  File "/workspaces/codespaces-blank/test_dashboard.py", line 85, in run_dashboard
    best_agent, population_metrics = evolution.evolve_one_generation()
                                     ^^^^^^^^^^^^^^^^^^^^^^^^^^^^^^^
AttributeError: 'EvolutionEngine' object has no attribute 'evolve_one_generation'
2025-02-26 05:30:31,226 - TradingSystem - ERROR - Error en generación 16: 'EvolutionEngine' object has no attribute 'evolve_one_generation'
Traceback (most recent call last):
  File "/workspaces/codespaces-blank/test_dashboard.py", line 85, in run_dashboard
    best_agent, population_metrics = evolution.evolve_one_generation()
                                     ^^^^^^^^^^^^^^^^^^^^^^^^^^^^^^^
AttributeError: 'EvolutionEngine' object has no attribute 'evolve_one_generation'
2025-02-26 05:30:33,241 - TradingSystem - ERROR - Error en generación 17: 'EvolutionEngine' object has no attribute 'evolve_one_generation'
Traceback (most recent call last):
  File "/workspaces/codespaces-blank/test_dashboard.py", line 85, in run_dashboard
    best_agent, population_metrics = evolution.evolve_one_generation()
                                     ^^^^^^^^^^^^^^^^^^^^^^^^^^^^^^^
AttributeError: 'EvolutionEngine' object has no attribute 'evolve_one_generation'
2025-02-26 05:30:35,271 - TradingSystem - ERROR - Error en generación 18: 'EvolutionEngine' object has no attribute 'evolve_one_generation'
Traceback (most recent call last):
  File "/workspaces/codespaces-blank/test_dashboard.py", line 85, in run_dashboard
    best_agent, population_metrics = evolution.evolve_one_generation()
                                     ^^^^^^^^^^^^^^^^^^^^^^^^^^^^^^^
AttributeError: 'EvolutionEngine' object has no attribute 'evolve_one_generation'
2025-02-26 05:30:37,287 - TradingSystem - ERROR - Error en generación 19: 'EvolutionEngine' object has no attribute 'evolve_one_generation'
Traceback (most recent call last):
  File "/workspaces/codespaces-blank/test_dashboard.py", line 85, in run_dashboard
    best_agent, population_metrics = evolution.evolve_one_generation()
                                     ^^^^^^^^^^^^^^^^^^^^^^^^^^^^^^^
AttributeError: 'EvolutionEngine' object has no attribute 'evolve_one_generation'
2025-02-26 05:30:39,303 - TradingSystem - ERROR - Error en generación 20: 'EvolutionEngine' object has no attribute 'evolve_one_generation'
Traceback (most recent call last):
  File "/workspaces/codespaces-blank/test_dashboard.py", line 85, in run_dashboard
    best_agent, population_metrics = evolution.evolve_one_generation()
                                     ^^^^^^^^^^^^^^^^^^^^^^^^^^^^^^^
AttributeError: 'EvolutionEngine' object has no attribute 'evolve_one_generation'
2025-02-26 05:30:41,322 - TradingSystem - ERROR - Error en generación 21: 'EvolutionEngine' object has no attribute 'evolve_one_generation'
Traceback (most recent call last):
  File "/workspaces/codespaces-blank/test_dashboard.py", line 85, in run_dashboard
    best_agent, population_metrics = evolution.evolve_one_generation()
                                     ^^^^^^^^^^^^^^^^^^^^^^^^^^^^^^^
AttributeError: 'EvolutionEngine' object has no attribute 'evolve_one_generation'
2025-02-26 05:30:43,337 - TradingSystem - ERROR - Error en generación 22: 'EvolutionEngine' object has no attribute 'evolve_one_generation'
Traceback (most recent call last):
  File "/workspaces/codespaces-blank/test_dashboard.py", line 85, in run_dashboard
    best_agent, population_metrics = evolution.evolve_one_generation()
                                     ^^^^^^^^^^^^^^^^^^^^^^^^^^^^^^^
AttributeError: 'EvolutionEngine' object has no attribute 'evolve_one_generation'
2025-02-26 05:30:46,071 - TradingSystem - ERROR - Error en generación 23: 'EvolutionEngine' object has no attribute 'evolve_one_generation'
Traceback (most recent call last):
  File "/workspaces/codespaces-blank/test_dashboard.py", line 85, in run_dashboard
    best_agent, population_metrics = evolution.evolve_one_generation()
                                     ^^^^^^^^^^^^^^^^^^^^^^^^^^^^^^^
AttributeError: 'EvolutionEngine' object has no attribute 'evolve_one_generation'
2025-02-26 05:30:48,110 - TradingSystem - ERROR - Error en generación 24: 'EvolutionEngine' object has no attribute 'evolve_one_generation'
Traceback (most recent call last):
  File "/workspaces/codespaces-blank/test_dashboard.py", line 85, in run_dashboard
    best_agent, population_metrics = evolution.evolve_one_generation()
                                     ^^^^^^^^^^^^^^^^^^^^^^^^^^^^^^^
AttributeError: 'EvolutionEngine' object has no attribute 'evolve_one_generation'
2025-02-26 05:30:50,137 - TradingSystem - ERROR - Error en generación 25: 'EvolutionEngine' object has no attribute 'evolve_one_generation'
Traceback (most recent call last):
  File "/workspaces/codespaces-blank/test_dashboard.py", line 85, in run_dashboard
    best_agent, population_metrics = evolution.evolve_one_generation()
                                     ^^^^^^^^^^^^^^^^^^^^^^^^^^^^^^^
AttributeError: 'EvolutionEngine' object has no attribute 'evolve_one_generation'
2025-02-26 05:30:52,153 - TradingSystem - ERROR - Error en generación 26: 'EvolutionEngine' object has no attribute 'evolve_one_generation'
Traceback (most recent call last):
  File "/workspaces/codespaces-blank/test_dashboard.py", line 85, in run_dashboard
    best_agent, population_metrics = evolution.evolve_one_generation()
                                     ^^^^^^^^^^^^^^^^^^^^^^^^^^^^^^^
AttributeError: 'EvolutionEngine' object has no attribute 'evolve_one_generation'
2025-02-26 05:30:53,138 - TradingSystem - INFO - Operación interrumpida por el usuario
2025-02-26 05:30:53,152 - TradingSystem - INFO - Finalizando sistema de trading
