2025-02-26 05:55:55,092 - TradingSystem - INFO - Iniciando sistema de trading
2025-02-26 05:56:00,370 - TradingSystem - INFO - Modo seleccionado: 1
2025-02-26 05:56:00,378 - TradingSystem - INFO - Iniciando modo entrenamiento
2025-02-26 05:56:00,384 - TradingSystem - INFO - Iniciando ciclo de entrenamiento 1
2025-02-26 05:56:00,391 - TradingSystem - ERROR - Error en generación 0: 'EvolutionEngine' object has no attribute 'evolve_one_generation'
Traceback (most recent call last):
  File "/workspaces/codespaces-blank/test_dashboard.py", line 85, in run_dashboard
    best_agent, population_metrics = evolution.evolve_one_generation()
                                     ^^^^^^^^^^^^^^^^^^^^^^^^^^^^^^^
AttributeError: 'EvolutionEngine' object has no attribute 'evolve_one_generation'
2025-02-26 05:56:02,436 - TradingSystem - ERROR - Error en generación 1: 'EvolutionEngine' object has no attribute 'evolve_one_generation'
Traceback (most recent call last):
  File "/workspaces/codespaces-blank/test_dashboard.py", line 85, in run_dashboard
    best_agent, population_metrics = evolution.evolve_one_generation()
                                     ^^^^^^^^^^^^^^^^^^^^^^^^^^^^^^^
AttributeError: 'EvolutionEngine' object has no attribute 'evolve_one_generation'
2025-02-26 05:56:04,451 - TradingSystem - ERROR - Error en generación 2: 'EvolutionEngine' object has no attribute 'evolve_one_generation'
Traceback (most recent call last):
  File "/workspaces/codespaces-blank/test_dashboard.py", line 85, in run_dashboard
    best_agent, population_metrics = evolution.evolve_one_generation()
                                     ^^^^^^^^^^^^^^^^^^^^^^^^^^^^^^^
AttributeError: 'EvolutionEngine' object has no attribute 'evolve_one_generation'
2025-02-26 05:56:06,467 - TradingSystem - ERROR - Error en generación 3: 'EvolutionEngine' object has no attribute 'evolve_one_generation'
Traceback (most recent call last):
  File "/workspaces/codespaces-blank/test_dashboard.py", line 85, in run_dashboard
    best_agent, population_metrics = evolution.evolve_one_generation()
                                     ^^^^^^^^^^^^^^^^^^^^^^^^^^^^^^^
AttributeError: 'EvolutionEngine' object has no attribute 'evolve_one_generation'
2025-02-26 05:56:08,483 - TradingSystem - ERROR - Error en generación 4: 'EvolutionEngine' object has no attribute 'evolve_one_generation'
Traceback (most recent call last):
  File "/workspaces/codespaces-blank/test_dashboard.py", line 85, in run_dashboard
    best_agent, population_metrics = evolution.evolve_one_generation()
                                     ^^^^^^^^^^^^^^^^^^^^^^^^^^^^^^^
AttributeError: 'EvolutionEngine' object has no attribute 'evolve_one_generation'
2025-02-26 05:56:09,352 - TradingSystem - INFO - Operación interrumpida por el usuario
2025-02-26 05:56:09,359 - TradingSystem - INFO - Finalizando sistema de trading
